Using pre-set license
Built from '2020.3/staging' branch; Version is '2020.3.0f1 (c7b5465681fb) revision 13088070'; Using compiler version '192528614'; Build Type 'Release'
OS: 'Windows 10 Home Single Language; OS build 19042.1165; Version 2009; 64bit' Language: 'pt' Physical Memory: 8105 MB
BatchMode: 1, IsHumanControllingUs: 0, StartBugReporterOnCrash: 0, Is64bit: 1, IsPro: 0

 COMMAND LINE ARGUMENTS:
C:\Program Files\Unity\Hub\Editor\2020.3.0f1\Editor\Unity.exe
-adb2
-batchMode
-noUpm
-name
AssetImportWorker0
-projectPath
C:/Users/DFAM9/Documents/GitHub/SpaceShooter/SpaceShooter
-logFile
Logs/AssetImportWorker0.log
-srvPort
50400
Successfully changed project path to: C:/Users/DFAM9/Documents/GitHub/SpaceShooter/SpaceShooter
C:/Users/DFAM9/Documents/GitHub/SpaceShooter/SpaceShooter
Using Asset Import Pipeline V2.
Refreshing native plugins compatible for Editor in 125.38 ms, found 1 plugins.
Preloading 0 native plugins for Editor in 0.00 ms.
Initialize engine version: 2020.3.0f1 (c7b5465681fb)
[Subsystems] Discovering subsystems at path C:/Program Files/Unity/Hub/Editor/2020.3.0f1/Editor/Data/Resources/UnitySubsystems
[Subsystems] Discovering subsystems at path C:/Users/DFAM9/Documents/GitHub/SpaceShooter/SpaceShooter/Assets
GfxDevice: creating device client; threaded=0
Direct3D:
    Version:  Direct3D 11.0 [level 11.1]
    Renderer: NVIDIA GeForce GTX 1050 (ID=0x1c8d)
    Vendor:   
    VRAM:     4021 MB
    Driver:   30.0.14.7196
Initialize mono
Mono path[0] = 'C:/Program Files/Unity/Hub/Editor/2020.3.0f1/Editor/Data/Managed'
Mono path[1] = 'C:/Program Files/Unity/Hub/Editor/2020.3.0f1/Editor/Data/MonoBleedingEdge/lib/mono/unityjit'
Mono config path = 'C:/Program Files/Unity/Hub/Editor/2020.3.0f1/Editor/Data/MonoBleedingEdge/etc'
Using monoOptions --debugger-agent=transport=dt_socket,embedding=1,server=y,suspend=n,address=127.0.0.1:56932
Begin MonoManager ReloadAssembly
Registering precompiled unity dll's ...
Register platform support module: C:/Program Files/Unity/Hub/Editor/2020.3.0f1/Editor/Data/PlaybackEngines/WebGLSupport/UnityEditor.WebGL.Extensions.dll
Register platform support module: C:/Program Files/Unity/Hub/Editor/2020.3.0f1/Editor/Data/PlaybackEngines/WindowsStandaloneSupport/UnityEditor.WindowsStandalone.Extensions.dll
Registered in 0.239422 seconds.
Native extension for WindowsStandalone target not found
Native extension for WebGL target not found
Refreshing native plugins compatible for Editor in 47.81 ms, found 1 plugins.
Preloading 0 native plugins for Editor in 0.00 ms.
Invoked RoslynAnalysisRunner static constructor.
RoslynAnalysisRunner will not be running.
RoslynAnalysisRunner has terminated.
Mono: successfully reloaded assembly
- Completed reload, in  5.752 seconds
Platform modules already initialized, skipping
Registering precompiled user dll's ...
Registered in 0.046646 seconds.
Begin MonoManager ReloadAssembly
Native extension for WindowsStandalone target not found
Native extension for WebGL target not found
Refreshing native plugins compatible for Editor in 58.67 ms, found 1 plugins.
Preloading 0 native plugins for Editor in 0.00 ms.
Invoked RoslynAnalysisRunner static constructor.
RoslynAnalysisRunner will not be running.
RoslynAnalysisRunner has terminated.
Mono: successfully reloaded assembly
- Completed reload, in  3.836 seconds
Platform modules already initialized, skipping
========================================================================
Worker process is ready to serve import requests
Launched and connected shader compiler UnityShaderCompiler.exe after 0.14 seconds
Refreshing native plugins compatible for Editor in 0.44 ms, found 1 plugins.
Preloading 0 native plugins for Editor in 0.00 ms.
Unloading 1897 Unused Serialized files (Serialized files now loaded: 0)
System memory in use before: 88.9 MB.
System memory in use after: 89.0 MB.

Unloading 19 unused Assets to reduce memory usage. Loaded Objects now: 2347.
Total: 3.348200 ms (FindLiveObjects: 1.099600 ms CreateObjectMapping: 0.166300 ms MarkObjects: 1.995600 ms  DeleteObjects: 0.084700 ms)

========================================================================
Received Import Request.
  path: Assets/Script/Player/PlayerBullet.cs
  artifactKey: Guid(c2860ef4a9b8928478c90e5e7ef40efd) Importer(815301076,1909f56bfc062723c751e8b465ee728b)
Start importing Assets/Script/Player/PlayerBullet.cs using Guid(c2860ef4a9b8928478c90e5e7ef40efd) Importer(815301076,1909f56bfc062723c751e8b465ee728b)  -> (artifact id: 'fcd3dd9696636ff1190ed66e9010afde') in 0.085612 seconds
  Import took 0.092629 seconds .

========================================================================
Received Import Request.
  Time since last request: 0.000248 seconds.
  path: Assets/Script/Player/PlayerControl.cs
  artifactKey: Guid(c7a35db97ce025e48867ec75c79d65eb) Importer(815301076,1909f56bfc062723c751e8b465ee728b)
Start importing Assets/Script/Player/PlayerControl.cs using Guid(c7a35db97ce025e48867ec75c79d65eb) Importer(815301076,1909f56bfc062723c751e8b465ee728b)  -> (artifact id: '404f206721392774b7abb92136a2181c') in 0.008540 seconds
  Import took 0.012713 seconds .

========================================================================
Received Prepare
Refreshing native plugins compatible for Editor in 3.53 ms, found 1 plugins.
Preloading 0 native plugins for Editor in 0.00 ms.
Unloading 6 Unused Serialized files (Serialized files now loaded: 0)
System memory in use before: 50.5 MB.
System memory in use after: 50.6 MB.

Unloading 6 unused Assets to reduce memory usage. Loaded Objects now: 2347.
Total: 4.458900 ms (FindLiveObjects: 0.388500 ms CreateObjectMapping: 0.110100 ms MarkObjects: 3.857500 ms  DeleteObjects: 0.100300 ms)

========================================================================
Received Prepare
Registering precompiled user dll's ...
Registered in 0.001173 seconds.
Begin MonoManager ReloadAssembly
Native extension for WindowsStandalone target not found
Native extension for WebGL target not found
Refreshing native plugins compatible for Editor in 0.37 ms, found 1 plugins.
Preloading 0 native plugins for Editor in 0.00 ms.
Invoked RoslynAnalysisRunner static constructor.
RoslynAnalysisRunner will not be running.
RoslynAnalysisRunner has terminated.
Mono: successfully reloaded assembly
- Completed reload, in  1.000 seconds
Platform modules already initialized, skipping
Switching build target platform(5) subTarget(0) extendedPlatform(0) -> platform(13) subTarget(537395200) extendedPlatform(0)
Refreshing native plugins compatible for Editor in 0.38 ms, found 1 plugins.
Preloading 0 native plugins for Editor in 0.00 ms.
Unloading 1878 Unused Serialized files (Serialized files now loaded: 0)
System memory in use before: 87.6 MB.
System memory in use after: 87.6 MB.

Unloading 8 unused Assets to reduce memory usage. Loaded Objects now: 2351.
Total: 3.374700 ms (FindLiveObjects: 0.415600 ms CreateObjectMapping: 0.235800 ms MarkObjects: 2.597200 ms  DeleteObjects: 0.124900 ms)

AssetImportParameters requested are different than current active one (requested -> active):
  custom:graphics/normal-map-encoding: 01000000000000000000000000000000 -> 02000000000000000000000000000000
========================================================================
Received Import Request.
  Time since last request: 242.459928 seconds.
  path: Assets/Script/Player/PlayerBullet.cs
  artifactKey: Guid(c2860ef4a9b8928478c90e5e7ef40efd) Importer(815301076,1909f56bfc062723c751e8b465ee728b)
Start importing Assets/Script/Player/PlayerBullet.cs using Guid(c2860ef4a9b8928478c90e5e7ef40efd) Importer(815301076,1909f56bfc062723c751e8b465ee728b)  -> (artifact id: '34cd8e26465a2f617d718af0608f1e8f') in 0.010368 seconds
  Import took 0.017233 seconds .

========================================================================
Received Import Request.
  Time since last request: 0.002496 seconds.
  path: Assets/Script/Player/PlayerBullet.cs
  artifactKey: Guid(c2860ef4a9b8928478c90e5e7ef40efd) Importer(815301076,1909f56bfc062723c751e8b465ee728b)
Start importing Assets/Script/Player/PlayerBullet.cs using Guid(c2860ef4a9b8928478c90e5e7ef40efd) Importer(815301076,1909f56bfc062723c751e8b465ee728b)  -> (artifact id: '34cd8e26465a2f617d718af0608f1e8f') in 0.004998 seconds
  Import took 0.009347 seconds .

========================================================================
Received Prepare
Registering precompiled user dll's ...
Registered in 0.001454 seconds.
Begin MonoManager ReloadAssembly
Native extension for WindowsStandalone target not found
Native extension for WebGL target not found
Refreshing native plugins compatible for Editor in 0.42 ms, found 1 plugins.
Preloading 0 native plugins for Editor in 0.00 ms.
Invoked RoslynAnalysisRunner static constructor.
RoslynAnalysisRunner will not be running.
RoslynAnalysisRunner has terminated.
Mono: successfully reloaded assembly
- Completed reload, in  1.050 seconds
Platform modules already initialized, skipping
Switching build target platform(5) subTarget(0) extendedPlatform(0) -> platform(13) subTarget(537395200) extendedPlatform(0)
Refreshing native plugins compatible for Editor in 0.50 ms, found 1 plugins.
Preloading 0 native plugins for Editor in 0.00 ms.
Unloading 1878 Unused Serialized files (Serialized files now loaded: 0)
System memory in use before: 87.6 MB.
System memory in use after: 87.7 MB.

Unloading 8 unused Assets to reduce memory usage. Loaded Objects now: 2355.
Total: 2.510900 ms (FindLiveObjects: 0.185600 ms CreateObjectMapping: 0.073800 ms MarkObjects: 2.153800 ms  DeleteObjects: 0.096200 ms)

AssetImportParameters requested are different than current active one (requested -> active):
  custom:graphics/normal-map-encoding: 01000000000000000000000000000000 -> 02000000000000000000000000000000
========================================================================
Received Import Request.
  Time since last request: 216.669712 seconds.
  path: Assets/Script/Player/PlayerBullet.cs
  artifactKey: Guid(c2860ef4a9b8928478c90e5e7ef40efd) Importer(815301076,1909f56bfc062723c751e8b465ee728b)
Start importing Assets/Script/Player/PlayerBullet.cs using Guid(c2860ef4a9b8928478c90e5e7ef40efd) Importer(815301076,1909f56bfc062723c751e8b465ee728b)  -> (artifact id: 'ad89992eac0f02af1f4e19900d02e05f') in 0.006885 seconds
  Import took 0.012944 seconds .

========================================================================
Received Prepare
Registering precompiled user dll's ...
Registered in 0.001168 seconds.
Begin MonoManager ReloadAssembly
Native extension for WindowsStandalone target not found
Native extension for WebGL target not found
Refreshing native plugins compatible for Editor in 0.40 ms, found 1 plugins.
Preloading 0 native plugins for Editor in 0.00 ms.
Invoked RoslynAnalysisRunner static constructor.
RoslynAnalysisRunner will not be running.
RoslynAnalysisRunner has terminated.
Mono: successfully reloaded assembly
- Completed reload, in  1.117 seconds
Platform modules already initialized, skipping
Switching build target platform(5) subTarget(0) extendedPlatform(0) -> platform(13) subTarget(537395200) extendedPlatform(0)
Refreshing native plugins compatible for Editor in 0.38 ms, found 1 plugins.
Preloading 0 native plugins for Editor in 0.00 ms.
Unloading 1878 Unused Serialized files (Serialized files now loaded: 0)
System memory in use before: 87.6 MB.
System memory in use after: 87.7 MB.

Unloading 8 unused Assets to reduce memory usage. Loaded Objects now: 2359.
Total: 3.280900 ms (FindLiveObjects: 0.320500 ms CreateObjectMapping: 0.190600 ms MarkObjects: 2.645800 ms  DeleteObjects: 0.123100 ms)

AssetImportParameters requested are different than current active one (requested -> active):
  custom:graphics/normal-map-encoding: 01000000000000000000000000000000 -> 02000000000000000000000000000000
========================================================================
Received Import Request.
  Time since last request: 243.058622 seconds.
  path: Assets/Prefabs/Player/Player.prefab
  artifactKey: Guid(56878121b8fe63044a9d1fa4ff120fa7) Importer(815301076,1909f56bfc062723c751e8b465ee728b)
Start importing Assets/Prefabs/Player/Player.prefab using Guid(56878121b8fe63044a9d1fa4ff120fa7) Importer(815301076,1909f56bfc062723c751e8b465ee728b)  -> (artifact id: 'd61352fb650863971c3606d59b578ec9') in 0.252053 seconds
  Import took 0.258685 seconds .

========================================================================
Received Prepare
Registering precompiled user dll's ...
Registered in 0.001428 seconds.
Begin MonoManager ReloadAssembly
Native extension for WindowsStandalone target not found
Native extension for WebGL target not found
Refreshing native plugins compatible for Editor in 0.41 ms, found 1 plugins.
Preloading 0 native plugins for Editor in 0.00 ms.
Invoked RoslynAnalysisRunner static constructor.
RoslynAnalysisRunner will not be running.
RoslynAnalysisRunner has terminated.
Mono: successfully reloaded assembly
- Completed reload, in  1.076 seconds
Platform modules already initialized, skipping
Switching build target platform(5) subTarget(0) extendedPlatform(0) -> platform(13) subTarget(537395200) extendedPlatform(0)
Refreshing native plugins compatible for Editor in 0.39 ms, found 1 plugins.
Preloading 0 native plugins for Editor in 0.00 ms.
Unloading 1878 Unused Serialized files (Serialized files now loaded: 0)
System memory in use before: 90.8 MB.
System memory in use after: 90.8 MB.

Unloading 8 unused Assets to reduce memory usage. Loaded Objects now: 2370.
Total: 2.399700 ms (FindLiveObjects: 0.284700 ms CreateObjectMapping: 0.206700 ms MarkObjects: 1.819200 ms  DeleteObjects: 0.087500 ms)

AssetImportParameters requested are different than current active one (requested -> active):
  custom:graphics/normal-map-encoding: 01000000000000000000000000000000 -> 02000000000000000000000000000000
========================================================================
Received Import Request.
  Time since last request: 114.072255 seconds.
  path: Assets/Script/Player/SideBullets.cs
  artifactKey: Guid(e79ed9932892b1b4f93959e5a45f9b6b) Importer(815301076,1909f56bfc062723c751e8b465ee728b)
Start importing Assets/Script/Player/SideBullets.cs using Guid(e79ed9932892b1b4f93959e5a45f9b6b) Importer(815301076,1909f56bfc062723c751e8b465ee728b)  -> (artifact id: 'a0543b138fb270df1b8ee347ade23eb2') in 0.015503 seconds
  Import took 0.021547 seconds .

========================================================================
Received Prepare
Registering precompiled user dll's ...
Registered in 0.001260 seconds.
Begin MonoManager ReloadAssembly
Native extension for WindowsStandalone target not found
Native extension for WebGL target not found
Refreshing native plugins compatible for Editor in 0.48 ms, found 1 plugins.
Preloading 0 native plugins for Editor in 0.00 ms.
Invoked RoslynAnalysisRunner static constructor.
RoslynAnalysisRunner will not be running.
RoslynAnalysisRunner has terminated.
Mono: successfully reloaded assembly
- Completed reload, in  1.463 seconds
Platform modules already initialized, skipping
Switching build target platform(5) subTarget(0) extendedPlatform(0) -> platform(13) subTarget(537395200) extendedPlatform(0)
Refreshing native plugins compatible for Editor in 0.39 ms, found 1 plugins.
Preloading 0 native plugins for Editor in 0.00 ms.
Unloading 1879 Unused Serialized files (Serialized files now loaded: 0)
System memory in use before: 91.0 MB.
System memory in use after: 91.1 MB.

Unloading 8 unused Assets to reduce memory usage. Loaded Objects now: 2375.
Total: 2.103500 ms (FindLiveObjects: 0.235100 ms CreateObjectMapping: 0.074800 ms MarkObjects: 1.671100 ms  DeleteObjects: 0.120700 ms)

AssetImportParameters requested are different than current active one (requested -> active):
  custom:graphics/normal-map-encoding: 01000000000000000000000000000000 -> 02000000000000000000000000000000
========================================================================
Received Import Request.
  Time since last request: 33.138162 seconds.
  path: Assets/Prefabs/Player/PB1.prefab
  artifactKey: Guid(112474bd7332f2e4d99e25b67510d0c1) Importer(815301076,1909f56bfc062723c751e8b465ee728b)
Start importing Assets/Prefabs/Player/PB1.prefab using Guid(112474bd7332f2e4d99e25b67510d0c1) Importer(815301076,1909f56bfc062723c751e8b465ee728b)  -> (artifact id: '63fe3e7dd679638a88a32532e6c0533b') in 0.105629 seconds
  Import took 0.111223 seconds .

========================================================================
Received Import Request.
  Time since last request: 4.155604 seconds.
  path: Assets/Prefabs/Player/PB1.prefab
  artifactKey: Guid(112474bd7332f2e4d99e25b67510d0c1) Importer(815301076,1909f56bfc062723c751e8b465ee728b)
Start importing Assets/Prefabs/Player/PB1.prefab using Guid(112474bd7332f2e4d99e25b67510d0c1) Importer(815301076,1909f56bfc062723c751e8b465ee728b)  -> (artifact id: '04c46efafebea899dd95bf369b350182') in 0.028269 seconds
  Import took 0.036603 seconds .

========================================================================
Received Prepare
Registering precompiled user dll's ...
Registered in 0.001251 seconds.
Begin MonoManager ReloadAssembly
Native extension for WindowsStandalone target not found
Native extension for WebGL target not found
Refreshing native plugins compatible for Editor in 0.42 ms, found 1 plugins.
Preloading 0 native plugins for Editor in 0.00 ms.
Invoked RoslynAnalysisRunner static constructor.
RoslynAnalysisRunner will not be running.
RoslynAnalysisRunner has terminated.
Mono: successfully reloaded assembly
- Completed reload, in  1.053 seconds
Platform modules already initialized, skipping
Switching build target platform(5) subTarget(0) extendedPlatform(0) -> platform(13) subTarget(537395200) extendedPlatform(0)
Refreshing native plugins compatible for Editor in 0.39 ms, found 1 plugins.
Preloading 0 native plugins for Editor in 0.00 ms.
Unloading 1879 Unused Serialized files (Serialized files now loaded: 0)
System memory in use before: 91.0 MB.
System memory in use after: 91.1 MB.

Unloading 8 unused Assets to reduce memory usage. Loaded Objects now: 2380.
Total: 2.444300 ms (FindLiveObjects: 0.459700 ms CreateObjectMapping: 0.076400 ms MarkObjects: 1.812200 ms  DeleteObjects: 0.094800 ms)

AssetImportParameters requested are different than current active one (requested -> active):
  custom:graphics/normal-map-encoding: 01000000000000000000000000000000 -> 02000000000000000000000000000000
========================================================================
Received Import Request.
  Time since last request: 65.354991 seconds.
  path: Assets/Prefabs/Player/PB2.prefab
  artifactKey: Guid(41f5478eb367a7b4e990e7ed69c36304) Importer(815301076,1909f56bfc062723c751e8b465ee728b)
Start importing Assets/Prefabs/Player/PB2.prefab using Guid(41f5478eb367a7b4e990e7ed69c36304) Importer(815301076,1909f56bfc062723c751e8b465ee728b)  -> (artifact id: 'ef91b0b2952ccf67442d15b84c76ad59') in 0.085478 seconds
  Import took 0.091113 seconds .

========================================================================
Received Prepare
Registering precompiled user dll's ...
Registered in 0.001274 seconds.
Begin MonoManager ReloadAssembly
Native extension for WindowsStandalone target not found
Native extension for WebGL target not found
Refreshing native plugins compatible for Editor in 0.38 ms, found 1 plugins.
Preloading 0 native plugins for Editor in 0.00 ms.
Invoked RoslynAnalysisRunner static constructor.
RoslynAnalysisRunner will not be running.
RoslynAnalysisRunner has terminated.
Mono: successfully reloaded assembly
- Completed reload, in  1.075 seconds
Platform modules already initialized, skipping
Switching build target platform(5) subTarget(0) extendedPlatform(0) -> platform(13) subTarget(537395200) extendedPlatform(0)
Refreshing native plugins compatible for Editor in 0.46 ms, found 1 plugins.
Preloading 0 native plugins for Editor in 0.00 ms.
Unloading 1879 Unused Serialized files (Serialized files now loaded: 0)
System memory in use before: 91.0 MB.
System memory in use after: 91.1 MB.

Unloading 8 unused Assets to reduce memory usage. Loaded Objects now: 2385.
Total: 3.027900 ms (FindLiveObjects: 0.227800 ms CreateObjectMapping: 0.074400 ms MarkObjects: 2.586400 ms  DeleteObjects: 0.118500 ms)

AssetImportParameters requested are different than current active one (requested -> active):
  custom:graphics/normal-map-encoding: 01000000000000000000000000000000 -> 02000000000000000000000000000000
========================================================================
Received Import Request.
  Time since last request: 123.552023 seconds.
  path: Assets/Prefabs/Player/PB1.prefab
  artifactKey: Guid(112474bd7332f2e4d99e25b67510d0c1) Importer(815301076,1909f56bfc062723c751e8b465ee728b)
Start importing Assets/Prefabs/Player/PB1.prefab using Guid(112474bd7332f2e4d99e25b67510d0c1) Importer(815301076,1909f56bfc062723c751e8b465ee728b)  -> (artifact id: 'ee2ec8c7cddacb769d58487754548aef') in 0.082056 seconds
  Import took 0.087398 seconds .

========================================================================
Received Prepare
Registering precompiled user dll's ...
Registered in 0.001179 seconds.
Begin MonoManager ReloadAssembly
Native extension for WindowsStandalone target not found
Native extension for WebGL target not found
Refreshing native plugins compatible for Editor in 0.40 ms, found 1 plugins.
Preloading 0 native plugins for Editor in 0.00 ms.
Invoked RoslynAnalysisRunner static constructor.
RoslynAnalysisRunner will not be running.
RoslynAnalysisRunner has terminated.
Mono: successfully reloaded assembly
- Completed reload, in  1.151 seconds
Platform modules already initialized, skipping
Switching build target platform(5) subTarget(0) extendedPlatform(0) -> platform(13) subTarget(537395200) extendedPlatform(0)
Refreshing native plugins compatible for Editor in 0.38 ms, found 1 plugins.
Preloading 0 native plugins for Editor in 0.00 ms.
Unloading 1879 Unused Serialized files (Serialized files now loaded: 0)
System memory in use before: 91.0 MB.
System memory in use after: 91.1 MB.

Unloading 8 unused Assets to reduce memory usage. Loaded Objects now: 2390.
Total: 2.372400 ms (FindLiveObjects: 0.276200 ms CreateObjectMapping: 0.068900 ms MarkObjects: 1.937100 ms  DeleteObjects: 0.089100 ms)

AssetImportParameters requested are different than current active one (requested -> active):
  custom:graphics/normal-map-encoding: 01000000000000000000000000000000 -> 02000000000000000000000000000000
========================================================================
Received Prepare
Registering precompiled user dll's ...
Registered in 0.001332 seconds.
Begin MonoManager ReloadAssembly
Native extension for WindowsStandalone target not found
Native extension for WebGL target not found
Refreshing native plugins compatible for Editor in 0.38 ms, found 1 plugins.
Preloading 0 native plugins for Editor in 0.00 ms.
Invoked RoslynAnalysisRunner static constructor.
RoslynAnalysisRunner will not be running.
RoslynAnalysisRunner has terminated.
Mono: successfully reloaded assembly
- Completed reload, in  1.107 seconds
Platform modules already initialized, skipping
Switching build target platform(5) subTarget(0) extendedPlatform(0) -> platform(13) subTarget(537395200) extendedPlatform(0)
Refreshing native plugins compatible for Editor in 0.39 ms, found 1 plugins.
Preloading 0 native plugins for Editor in 0.00 ms.
Unloading 1879 Unused Serialized files (Serialized files now loaded: 0)
System memory in use before: 91.1 MB.
System memory in use after: 91.1 MB.

Unloading 8 unused Assets to reduce memory usage. Loaded Objects now: 2394.
Total: 2.289900 ms (FindLiveObjects: 0.181900 ms CreateObjectMapping: 0.082900 ms MarkObjects: 1.916600 ms  DeleteObjects: 0.107700 ms)

AssetImportParameters requested are different than current active one (requested -> active):
  custom:graphics/normal-map-encoding: 01000000000000000000000000000000 -> 02000000000000000000000000000000
========================================================================
Received Prepare
Registering precompiled user dll's ...
Registered in 0.001179 seconds.
Begin MonoManager ReloadAssembly
Native extension for WindowsStandalone target not found
Native extension for WebGL target not found
Refreshing native plugins compatible for Editor in 0.43 ms, found 1 plugins.
Preloading 0 native plugins for Editor in 0.00 ms.
Invoked RoslynAnalysisRunner static constructor.
RoslynAnalysisRunner will not be running.
RoslynAnalysisRunner has terminated.
Mono: successfully reloaded assembly
- Completed reload, in  1.254 seconds
Platform modules already initialized, skipping
Switching build target platform(5) subTarget(0) extendedPlatform(0) -> platform(13) subTarget(537395200) extendedPlatform(0)
Refreshing native plugins compatible for Editor in 0.38 ms, found 1 plugins.
Preloading 0 native plugins for Editor in 0.00 ms.
Unloading 1879 Unused Serialized files (Serialized files now loaded: 0)
System memory in use before: 91.1 MB.
System memory in use after: 91.2 MB.

Unloading 8 unused Assets to reduce memory usage. Loaded Objects now: 2398.
Total: 2.368000 ms (FindLiveObjects: 0.207800 ms CreateObjectMapping: 0.074100 ms MarkObjects: 1.962800 ms  DeleteObjects: 0.122200 ms)

AssetImportParameters requested are different than current active one (requested -> active):
  custom:graphics/normal-map-encoding: 01000000000000000000000000000000 -> 02000000000000000000000000000000
========================================================================
Received Prepare
Registering precompiled user dll's ...
Registered in 0.001206 seconds.
Begin MonoManager ReloadAssembly
Native extension for WindowsStandalone target not found
Native extension for WebGL target not found
Refreshing native plugins compatible for Editor in 0.43 ms, found 1 plugins.
Preloading 0 native plugins for Editor in 0.00 ms.
Invoked RoslynAnalysisRunner static constructor.
RoslynAnalysisRunner will not be running.
RoslynAnalysisRunner has terminated.
Mono: successfully reloaded assembly
- Completed reload, in  1.109 seconds
Platform modules already initialized, skipping
Switching build target platform(5) subTarget(0) extendedPlatform(0) -> platform(13) subTarget(537395200) extendedPlatform(0)
Refreshing native plugins compatible for Editor in 0.38 ms, found 1 plugins.
Preloading 0 native plugins for Editor in 0.00 ms.
Unloading 1879 Unused Serialized files (Serialized files now loaded: 0)
System memory in use before: 91.1 MB.
System memory in use after: 91.2 MB.

Unloading 8 unused Assets to reduce memory usage. Loaded Objects now: 2402.
Total: 2.336200 ms (FindLiveObjects: 0.328500 ms CreateObjectMapping: 0.110900 ms MarkObjects: 1.796100 ms  DeleteObjects: 0.099900 ms)

AssetImportParameters requested are different than current active one (requested -> active):
  custom:graphics/normal-map-encoding: 01000000000000000000000000000000 -> 02000000000000000000000000000000
========================================================================
Received Prepare
Registering precompiled user dll's ...
Registered in 0.001402 seconds.
Begin MonoManager ReloadAssembly
Native extension for WindowsStandalone target not found
Native extension for WebGL target not found
Refreshing native plugins compatible for Editor in 0.51 ms, found 1 plugins.
Preloading 0 native plugins for Editor in 0.00 ms.
Invoked RoslynAnalysisRunner static constructor.
RoslynAnalysisRunner will not be running.
RoslynAnalysisRunner has terminated.
Mono: successfully reloaded assembly
- Completed reload, in  1.170 seconds
Platform modules already initialized, skipping
Switching build target platform(5) subTarget(0) extendedPlatform(0) -> platform(13) subTarget(537395200) extendedPlatform(0)
Refreshing native plugins compatible for Editor in 0.38 ms, found 1 plugins.
Preloading 0 native plugins for Editor in 0.00 ms.
Unloading 1879 Unused Serialized files (Serialized files now loaded: 0)
System memory in use before: 91.1 MB.
System memory in use after: 91.2 MB.

Unloading 8 unused Assets to reduce memory usage. Loaded Objects now: 2406.
Total: 2.530100 ms (FindLiveObjects: 0.413300 ms CreateObjectMapping: 0.086000 ms MarkObjects: 1.912600 ms  DeleteObjects: 0.117000 ms)

AssetImportParameters requested are different than current active one (requested -> active):
  custom:graphics/normal-map-encoding: 01000000000000000000000000000000 -> 02000000000000000000000000000000
========================================================================
Received Import Request.
  Time since last request: 327.626301 seconds.
  path: Assets/Prefabs/Player/PB3.prefab
  artifactKey: Guid(77b26e96e63f9df4abd96e99f6ca8dda) Importer(815301076,1909f56bfc062723c751e8b465ee728b)
Start importing Assets/Prefabs/Player/PB3.prefab using Guid(77b26e96e63f9df4abd96e99f6ca8dda) Importer(815301076,1909f56bfc062723c751e8b465ee728b)  -> (artifact id: '897ea47b5ca13c4dafcb60d38a196042') in 0.081701 seconds
  Import took 0.086612 seconds .

========================================================================
Received Import Request.
  Time since last request: 1.229564 seconds.
  path: Assets/Prefabs/Player/PB3.prefab
  artifactKey: Guid(77b26e96e63f9df4abd96e99f6ca8dda) Importer(815301076,1909f56bfc062723c751e8b465ee728b)
Start importing Assets/Prefabs/Player/PB3.prefab using Guid(77b26e96e63f9df4abd96e99f6ca8dda) Importer(815301076,1909f56bfc062723c751e8b465ee728b)  -> (artifact id: '66a5ea469716a589353cb2f101525598') in 0.026466 seconds
  Import took 0.032887 seconds .

========================================================================
Received Import Request.
  Time since last request: 3.181869 seconds.
  path: Assets/Prefabs/Player/PB3.prefab
  artifactKey: Guid(77b26e96e63f9df4abd96e99f6ca8dda) Importer(815301076,1909f56bfc062723c751e8b465ee728b)
Start importing Assets/Prefabs/Player/PB3.prefab using Guid(77b26e96e63f9df4abd96e99f6ca8dda) Importer(815301076,1909f56bfc062723c751e8b465ee728b)  -> (artifact id: '686a57a87e71e6fea4e13a2dd84e2208') in 0.025163 seconds
  Import took 0.031698 seconds .

========================================================================
Received Prepare
Registering precompiled user dll's ...
Registered in 0.001632 seconds.
Begin MonoManager ReloadAssembly
Native extension for WindowsStandalone target not found
Native extension for WebGL target not found
Refreshing native plugins compatible for Editor in 0.43 ms, found 1 plugins.
Preloading 0 native plugins for Editor in 0.00 ms.
Invoked RoslynAnalysisRunner static constructor.
RoslynAnalysisRunner will not be running.
RoslynAnalysisRunner has terminated.
Mono: successfully reloaded assembly
- Completed reload, in  1.249 seconds
Platform modules already initialized, skipping
Switching build target platform(5) subTarget(0) extendedPlatform(0) -> platform(13) subTarget(537395200) extendedPlatform(0)
Refreshing native plugins compatible for Editor in 0.39 ms, found 1 plugins.
Preloading 0 native plugins for Editor in 0.00 ms.
Unloading 1879 Unused Serialized files (Serialized files now loaded: 0)
System memory in use before: 91.1 MB.
System memory in use after: 91.2 MB.

Unloading 8 unused Assets to reduce memory usage. Loaded Objects now: 2411.
Total: 2.535100 ms (FindLiveObjects: 0.201100 ms CreateObjectMapping: 0.070600 ms MarkObjects: 2.172700 ms  DeleteObjects: 0.089500 ms)

AssetImportParameters requested are different than current active one (requested -> active):
  custom:graphics/normal-map-encoding: 01000000000000000000000000000000 -> 02000000000000000000000000000000
========================================================================
Received Import Request.
  Time since last request: 131.547730 seconds.
  path: Assets/Prefabs/Player/PB3.prefab
  artifactKey: Guid(77b26e96e63f9df4abd96e99f6ca8dda) Importer(815301076,1909f56bfc062723c751e8b465ee728b)
Start importing Assets/Prefabs/Player/PB3.prefab using Guid(77b26e96e63f9df4abd96e99f6ca8dda) Importer(815301076,1909f56bfc062723c751e8b465ee728b)  -> (artifact id: 'ffc635aafb9fcc93bd550dd34756ceaa') in 0.090504 seconds
  Import took 0.096195 seconds .

========================================================================
Received Prepare
Registering precompiled user dll's ...
Registered in 0.001236 seconds.
Begin MonoManager ReloadAssembly
Native extension for WindowsStandalone target not found
Native extension for WebGL target not found
Refreshing native plugins compatible for Editor in 0.39 ms, found 1 plugins.
Preloading 0 native plugins for Editor in 0.00 ms.
Invoked RoslynAnalysisRunner static constructor.
RoslynAnalysisRunner will not be running.
RoslynAnalysisRunner has terminated.
Mono: successfully reloaded assembly
- Completed reload, in  1.120 seconds
Platform modules already initialized, skipping
Switching build target platform(5) subTarget(0) extendedPlatform(0) -> platform(13) subTarget(537395200) extendedPlatform(0)
Refreshing native plugins compatible for Editor in 0.40 ms, found 1 plugins.
Preloading 0 native plugins for Editor in 0.00 ms.
Unloading 1879 Unused Serialized files (Serialized files now loaded: 0)
System memory in use before: 91.1 MB.
System memory in use after: 91.2 MB.

Unloading 8 unused Assets to reduce memory usage. Loaded Objects now: 2416.
Total: 2.334500 ms (FindLiveObjects: 0.305800 ms CreateObjectMapping: 0.102700 ms MarkObjects: 1.850400 ms  DeleteObjects: 0.073300 ms)

AssetImportParameters requested are different than current active one (requested -> active):
  custom:graphics/normal-map-encoding: 01000000000000000000000000000000 -> 02000000000000000000000000000000
========================================================================
Received Prepare
Registering precompiled user dll's ...
Registered in 0.001181 seconds.
Begin MonoManager ReloadAssembly
Native extension for WindowsStandalone target not found
Native extension for WebGL target not found
Refreshing native plugins compatible for Editor in 0.53 ms, found 1 plugins.
Preloading 0 native plugins for Editor in 0.00 ms.
Invoked RoslynAnalysisRunner static constructor.
RoslynAnalysisRunner will not be running.
RoslynAnalysisRunner has terminated.
Mono: successfully reloaded assembly
- Completed reload, in  1.191 seconds
Platform modules already initialized, skipping
Switching build target platform(5) subTarget(0) extendedPlatform(0) -> platform(13) subTarget(537395200) extendedPlatform(0)
Refreshing native plugins compatible for Editor in 0.72 ms, found 1 plugins.
Preloading 0 native plugins for Editor in 0.00 ms.
Unloading 1879 Unused Serialized files (Serialized files now loaded: 0)
System memory in use before: 91.1 MB.
System memory in use after: 91.2 MB.

Unloading 8 unused Assets to reduce memory usage. Loaded Objects now: 2420.
Total: 2.543000 ms (FindLiveObjects: 0.210000 ms CreateObjectMapping: 0.083000 ms MarkObjects: 2.173400 ms  DeleteObjects: 0.075000 ms)

AssetImportParameters requested are different than current active one (requested -> active):
  custom:graphics/normal-map-encoding: 01000000000000000000000000000000 -> 02000000000000000000000000000000
========================================================================
Received Prepare
Registering precompiled user dll's ...
Registered in 0.001134 seconds.
Begin MonoManager ReloadAssembly
Native extension for WindowsStandalone target not found
Native extension for WebGL target not found
Refreshing native plugins compatible for Editor in 0.46 ms, found 1 plugins.
Preloading 0 native plugins for Editor in 0.00 ms.
Invoked RoslynAnalysisRunner static constructor.
RoslynAnalysisRunner will not be running.
RoslynAnalysisRunner has terminated.
Mono: successfully reloaded assembly
- Completed reload, in  1.149 seconds
Platform modules already initialized, skipping
Switching build target platform(5) subTarget(0) extendedPlatform(0) -> platform(13) subTarget(537395200) extendedPlatform(0)
Refreshing native plugins compatible for Editor in 0.53 ms, found 1 plugins.
Preloading 0 native plugins for Editor in 0.00 ms.
Unloading 1879 Unused Serialized files (Serialized files now loaded: 0)
System memory in use before: 91.1 MB.
System memory in use after: 91.2 MB.

Unloading 8 unused Assets to reduce memory usage. Loaded Objects now: 2424.
Total: 2.782100 ms (FindLiveObjects: 0.274000 ms CreateObjectMapping: 0.263200 ms MarkObjects: 2.175700 ms  DeleteObjects: 0.068100 ms)

AssetImportParameters requested are different than current active one (requested -> active):
  custom:graphics/normal-map-encoding: 01000000000000000000000000000000 -> 02000000000000000000000000000000
========================================================================
Received Prepare
Registering precompiled user dll's ...
Registered in 0.001479 seconds.
Begin MonoManager ReloadAssembly
Native extension for WindowsStandalone target not found
Native extension for WebGL target not found
Refreshing native plugins compatible for Editor in 0.40 ms, found 1 plugins.
Preloading 0 native plugins for Editor in 0.00 ms.
Invoked RoslynAnalysisRunner static constructor.
RoslynAnalysisRunner will not be running.
RoslynAnalysisRunner has terminated.
Mono: successfully reloaded assembly
- Completed reload, in  1.208 seconds
Platform modules already initialized, skipping
Switching build target platform(5) subTarget(0) extendedPlatform(0) -> platform(13) subTarget(537395200) extendedPlatform(0)
Refreshing native plugins compatible for Editor in 0.38 ms, found 1 plugins.
Preloading 0 native plugins for Editor in 0.00 ms.
Unloading 1879 Unused Serialized files (Serialized files now loaded: 0)
System memory in use before: 91.2 MB.
System memory in use after: 91.2 MB.

Unloading 8 unused Assets to reduce memory usage. Loaded Objects now: 2428.
Total: 2.587800 ms (FindLiveObjects: 0.260800 ms CreateObjectMapping: 0.069500 ms MarkObjects: 2.136500 ms  DeleteObjects: 0.120100 ms)

AssetImportParameters requested are different than current active one (requested -> active):
  custom:graphics/normal-map-encoding: 01000000000000000000000000000000 -> 02000000000000000000000000000000
========================================================================
Received Import Request.
  Time since last request: 488.257158 seconds.
  path: Assets/Prefabs/Player/PlayerShip2/Player.prefab
  artifactKey: Guid(aac1a3dd3633757498241fc5c24f1381) Importer(815301076,1909f56bfc062723c751e8b465ee728b)
Start importing Assets/Prefabs/Player/PlayerShip2/Player.prefab using Guid(aac1a3dd3633757498241fc5c24f1381) Importer(815301076,1909f56bfc062723c751e8b465ee728b)  -> (artifact id: '0ce53ffd19108d7d019c8876351b0e93') in 0.166933 seconds
  Import took 0.173244 seconds .

========================================================================
Received Import Request.
  Time since last request: 36.304876 seconds.
  path: Assets/Assets/PowerUps/Shield/AlienShield.prefab
  artifactKey: Guid(5599999b40668874b84d55f177d5717e) Importer(815301076,1909f56bfc062723c751e8b465ee728b)
Start importing Assets/Assets/PowerUps/Shield/AlienShield.prefab using Guid(5599999b40668874b84d55f177d5717e) Importer(815301076,1909f56bfc062723c751e8b465ee728b)  -> (artifact id: '6c3f6d0e9c5209db4934ad83c406a86b') in 0.046063 seconds
  Import took 0.052483 seconds .

========================================================================
Received Import Request.
  Time since last request: 17.789989 seconds.
  path: Assets/Assets/PowerUps/Shield/AlienShield.prefab
  artifactKey: Guid(5599999b40668874b84d55f177d5717e) Importer(815301076,1909f56bfc062723c751e8b465ee728b)
Start importing Assets/Assets/PowerUps/Shield/AlienShield.prefab using Guid(5599999b40668874b84d55f177d5717e) Importer(815301076,1909f56bfc062723c751e8b465ee728b)  -> (artifact id: '8f6bcc25845b1075feb8460bc606a2aa') in 0.031758 seconds
  Import took 0.038087 seconds .

========================================================================
Received Import Request.
  Time since last request: 2.541036 seconds.
  path: Assets/Assets/PowerUps/Shield/AlienShield.prefab
  artifactKey: Guid(5599999b40668874b84d55f177d5717e) Importer(815301076,1909f56bfc062723c751e8b465ee728b)
Start importing Assets/Assets/PowerUps/Shield/AlienShield.prefab using Guid(5599999b40668874b84d55f177d5717e) Importer(815301076,1909f56bfc062723c751e8b465ee728b)  -> (artifact id: '5114a206058c82f93d5b774cf37eb9bc') in 0.026930 seconds
  Import took 0.032605 seconds .

========================================================================
Received Import Request.
  Time since last request: 3.697865 seconds.
  path: Assets/Assets/PowerUps/Shield/AlienShield.prefab
  artifactKey: Guid(5599999b40668874b84d55f177d5717e) Importer(815301076,1909f56bfc062723c751e8b465ee728b)
Start importing Assets/Assets/PowerUps/Shield/AlienShield.prefab using Guid(5599999b40668874b84d55f177d5717e) Importer(815301076,1909f56bfc062723c751e8b465ee728b)  -> (artifact id: '6007f90b3c3c48eeaa91292bd54bff9d') in 0.032157 seconds
  Import took 0.039915 seconds .

========================================================================
Received Import Request.
  Time since last request: 5.205060 seconds.
  path: Assets/Assets/PowerUps/Shield/AlienShield.prefab
  artifactKey: Guid(5599999b40668874b84d55f177d5717e) Importer(815301076,1909f56bfc062723c751e8b465ee728b)
Start importing Assets/Assets/PowerUps/Shield/AlienShield.prefab using Guid(5599999b40668874b84d55f177d5717e) Importer(815301076,1909f56bfc062723c751e8b465ee728b)  -> (artifact id: '44e6225d69e238c89ad59fbb327ef7d0') in 0.027114 seconds
  Import took 0.031148 seconds .

========================================================================
Received Import Request.
  Time since last request: 2.791376 seconds.
  path: Assets/Assets/PowerUps/Shield/AlienShield.prefab
  artifactKey: Guid(5599999b40668874b84d55f177d5717e) Importer(815301076,1909f56bfc062723c751e8b465ee728b)
Start importing Assets/Assets/PowerUps/Shield/AlienShield.prefab using Guid(5599999b40668874b84d55f177d5717e) Importer(815301076,1909f56bfc062723c751e8b465ee728b)  -> (artifact id: 'df81688081a77fab5e4abf54a40a5c23') in 0.027727 seconds
  Import took 0.034531 seconds .

========================================================================
Received Import Request.
  Time since last request: 4.701850 seconds.
  path: Assets/Assets/PowerUps/Shield/AlienShield.prefab
  artifactKey: Guid(5599999b40668874b84d55f177d5717e) Importer(815301076,1909f56bfc062723c751e8b465ee728b)
Start importing Assets/Assets/PowerUps/Shield/AlienShield.prefab using Guid(5599999b40668874b84d55f177d5717e) Importer(815301076,1909f56bfc062723c751e8b465ee728b)  -> (artifact id: 'f626ebdefbc78a1efad88a07f5991df9') in 0.027774 seconds
  Import took 0.032951 seconds .

========================================================================
Received Prepare
Registering precompiled user dll's ...
Registered in 0.001158 seconds.
Begin MonoManager ReloadAssembly
Native extension for WindowsStandalone target not found
Native extension for WebGL target not found
Refreshing native plugins compatible for Editor in 0.42 ms, found 1 plugins.
Preloading 0 native plugins for Editor in 0.00 ms.
Invoked RoslynAnalysisRunner static constructor.
RoslynAnalysisRunner will not be running.
RoslynAnalysisRunner has terminated.
Mono: successfully reloaded assembly
- Completed reload, in  1.127 seconds
Platform modules already initialized, skipping
Switching build target platform(5) subTarget(0) extendedPlatform(0) -> platform(13) subTarget(537395200) extendedPlatform(0)
Refreshing native plugins compatible for Editor in 0.40 ms, found 1 plugins.
Preloading 0 native plugins for Editor in 0.00 ms.
Unloading 1879 Unused Serialized files (Serialized files now loaded: 0)
System memory in use before: 91.2 MB.
System memory in use after: 91.3 MB.

Unloading 8 unused Assets to reduce memory usage. Loaded Objects now: 2433.
Total: 2.361100 ms (FindLiveObjects: 0.225600 ms CreateObjectMapping: 0.080800 ms MarkObjects: 1.946100 ms  DeleteObjects: 0.106800 ms)

AssetImportParameters requested are different than current active one (requested -> active):
  custom:graphics/normal-map-encoding: 01000000000000000000000000000000 -> 02000000000000000000000000000000
========================================================================
Received Prepare
Registering precompiled user dll's ...
Registered in 0.001177 seconds.
Begin MonoManager ReloadAssembly
Native extension for WindowsStandalone target not found
Native extension for WebGL target not found
Refreshing native plugins compatible for Editor in 0.43 ms, found 1 plugins.
Preloading 0 native plugins for Editor in 0.00 ms.
Invoked RoslynAnalysisRunner static constructor.
RoslynAnalysisRunner will not be running.
RoslynAnalysisRunner has terminated.
Mono: successfully reloaded assembly
- Completed reload, in  1.246 seconds
Platform modules already initialized, skipping
Switching build target platform(5) subTarget(0) extendedPlatform(0) -> platform(13) subTarget(537395200) extendedPlatform(0)
Refreshing native plugins compatible for Editor in 0.39 ms, found 1 plugins.
Preloading 0 native plugins for Editor in 0.00 ms.
Unloading 1879 Unused Serialized files (Serialized files now loaded: 0)
System memory in use before: 91.2 MB.
System memory in use after: 91.3 MB.

Unloading 8 unused Assets to reduce memory usage. Loaded Objects now: 2437.
Total: 2.219900 ms (FindLiveObjects: 0.224500 ms CreateObjectMapping: 0.110400 ms MarkObjects: 1.768500 ms  DeleteObjects: 0.115300 ms)

AssetImportParameters requested are different than current active one (requested -> active):
  custom:graphics/normal-map-encoding: 01000000000000000000000000000000 -> 02000000000000000000000000000000
========================================================================
Received Prepare
Refreshing native plugins compatible for Editor in 1.98 ms, found 1 plugins.
Preloading 0 native plugins for Editor in 0.00 ms.
Unloading 6 Unused Serialized files (Serialized files now loaded: 0)
System memory in use before: 54.3 MB.
System memory in use after: 54.4 MB.

Unloading 6 unused Assets to reduce memory usage. Loaded Objects now: 2437.
Total: 3.179900 ms (FindLiveObjects: 0.302500 ms CreateObjectMapping: 0.141700 ms MarkObjects: 2.672700 ms  DeleteObjects: 0.061800 ms)

========================================================================
Received Prepare
Refreshing native plugins compatible for Editor in 2.17 ms, found 1 plugins.
Preloading 0 native plugins for Editor in 0.00 ms.
Unloading 6 Unused Serialized files (Serialized files now loaded: 0)
System memory in use before: 54.3 MB.
System memory in use after: 54.4 MB.

Unloading 6 unused Assets to reduce memory usage. Loaded Objects now: 2437.
Total: 2.565400 ms (FindLiveObjects: 0.321100 ms CreateObjectMapping: 0.140500 ms MarkObjects: 2.027300 ms  DeleteObjects: 0.075000 ms)

AssetImportWorkerClient::OnTransportError - code=2 error=End of file
